/opt/cadence/installs/XCELIUM2409/tools.lnx86/inca/bin/64bit/xmsim
Obtained 35 stack frames.
/opt/cadence/installs/XCELIUM2409/tools.lnx86/inca/bin/64bit/../../../lib/64bit/libcbreakpad.so(_Z13use_backtracev+0x9d) [0x7f080cdc31a3]
/opt/cadence/installs/XCELIUM2409/tools.lnx86/inca/bin/64bit/../../../lib/64bit/libcbreakpad.so(cbpad_generate_dump_on_demand+0x66) [0x7f080cdc3630]
xmsim() [0x1da6c28]
xmsim(serror+0x1cd) [0x1da82fd]
xmsim() [0xde3237]
xmsim() [0xde39dd]
/lib64/libc.so.6(+0x3ebf0) [0x7f080ce3ebf0]
xmsim() [0xe8002d]
xmsim() [0xe75344]
xmsim() [0xf952ac]
xmsim() [0x171b06a]
xmsim() [0x172ca5d]
xmsim() [0x172f24c]
xmsim() [0x17732c1]
xmsim(sslu_traverse_scopes+0x340) [0x1063380]
xmsim() [0x174b859]
xmsim() [0x1775910]
xmsim() [0x8e4a18]
xmsim() [0x80efc4]
xmsim() [0x80f7ef]
xmsim(Tcl_Exit+0x24) [0x1606de4]
xmsim() [0x83589a]
xmsim() [0xcff187]
xmsim(TclInvokeStringCommand+0x7b) [0x1578b8b]
xmsim() [0x157dad7]
xmsim() [0x157fd3d]
xmsim(Tcl_EvalEx+0x13) [0x15804c3]
xmsim(Tcl_Eval+0x3c) [0x158050c]
xmsim() [0xd0387f]
xmsim() [0x80de68]
xmsim(ncmain+0xc1) [0x80c81f]
xmsim(main+0x10) [0x2999a4c]
/lib64/libc.so.6(+0x295d0) [0x7f080ce295d0]
/lib64/libc.so.6(__libc_start_main+0x80) [0x7f080ce29680]
xmsim() [0x726f1b]
